<?xml version="1.0" encoding="UTF-8"?>
<!-- Generated by org.testng.reporters.JUnitReportReporter -->
<testsuite skipped="0" hostname="T0x1cEnv31ope.local" name="com.proton.email.bot.core.tests.BaseTest" tests="1" failures="0" timestamp="25 Nov 2017 03:29:24 GMT" time="3.016" errors="0">
  <testcase name="E2E_YAHAV_EXCERCISE" time="3.016" classname="com.proton.email.bot.core.tests.BaseTest"/>
</testsuite> <!-- com.proton.email.bot.core.tests.BaseTest -->
