<?xml version="1.0" encoding="UTF-8"?>
<!-- Generated by org.testng.reporters.JUnitReportReporter -->
<testsuite skipped="0" hostname="T0x1cEnv31ope" name="com.proton.email.bot.core.tests.ProtonTests" tests="1" failures="0" timestamp="26 Nov 2017 10:08:54 GMT" time="0.014" errors="0">
  <testcase name="Validte_Proton_site_Title" time="0.014" classname="com.proton.email.bot.core.tests.ProtonTests"/>
</testsuite> <!-- com.proton.email.bot.core.tests.ProtonTests -->
