<?xml version="1.0" encoding="UTF-8"?>
<!-- Generated by org.testng.reporters.JUnitReportReporter -->
<testsuite skipped="0" hostname="T0x1cEnv31ope" name="com.proton.email.bot.core.tests.LoginTest" tests="1" failures="0" timestamp="26 Nov 2017 10:32:27 GMT" time="1.797" errors="0">
  <testcase name="Click_on_Create_Account_TEST" time="1.797" classname="com.proton.email.bot.core.tests.LoginTest"/>
</testsuite> <!-- com.proton.email.bot.core.tests.LoginTest -->
